[     156ms] [LOG] [Fast Refresh] rebuilding @ http://localhost:3000/_next/static/chunks/node_modules_next_dist_0ifwd0~._.js:2971
[     169ms] [LOG] [Fast Refresh] done in 125ms @ http://localhost:3000/_next/static/chunks/node_modules_next_dist_0ifwd0~._.js:2971
[     501ms] [INFO] %cDownload the React DevTools for a better development experience: https://react.dev/link/react-devtools font-weight:bold @ http://localhost:3000/_next/static/chunks/node_modules_next_dist_0ifwd0~._.js:2971
[     533ms] [LOG] [HMR] connected @ http://localhost:3000/_next/static/chunks/node_modules_next_dist_0ifwd0~._.js:2971
[     542ms] [ERROR] Error: Route "/protected/groups/[groupId]": Runtime data such as `cookies()`, `headers()`, `params`, or `searchParams` was accessed outside of `<Suspense>`. This delays the entire page from rendering, resulting in a slow user experience. Learn more: https://nextjs.org/docs/messages/blocking-route
    at GroupDetailPage (about://React/Server/C:%5CUsers%5CKIMJIEUN%5CDesktop%5Cworkspace%5Cnextjs-supabase-app%5C.next%5Cdev%5Cserver%5Cchunks%5Cssr%5C%5Broot-of-the-server%5D__0xbv7cz._.js?0:217:25)
    at resolveErrorDev (http://localhost:3000/_next/static/chunks/node_modules_next_dist_compiled_react-server-dom-turbopack_0p3wegg._.js:1919:105)
    at getOutlinedModel (http://localhost:3000/_next/static/chunks/node_modules_next_dist_compiled_react-server-dom-turbopack_0p3wegg._.js:1469:28)
    at parseModelString (http://localhost:3000/_next/static/chunks/node_modules_next_dist_compiled_react-server-dom-turbopack_0p3wegg._.js:1584:50)
    at reviveModel (http://localhost:3000/_next/static/chunks/node_modules_next_dist_compiled_react-server-dom-turbopack_0p3wegg._.js:2522:66)
    at reviveModel (http://localhost:3000/_next/static/chunks/node_modules_next_dist_compiled_react-server-dom-turbopack_0p3wegg._.js:2525:61)
    at reviveModel (http://localhost:3000/_next/static/chunks/node_modules_next_dist_compiled_react-server-dom-turbopack_0p3wegg._.js:2604:78)
    at parseModel (http://localhost:3000/_next/static/chunks/node_modules_next_dist_compiled_react-server-dom-turbopack_0p3wegg._.js:2517:16)
    at initializeModelChunk (http://localhost:3000/_next/static/chunks/node_modules_next_dist_compiled_react-server-dom-turbopack_0p3wegg._.js:1084:25)
    at resolveModelChunk (http://localhost:3000/_next/static/chunks/node_modules_next_dist_compiled_react-server-dom-turbopack_0p3wegg._.js:986:43)
    at processFullStringRow (http://localhost:3000/_next/static/chunks/node_modules_next_dist_compiled_react-server-dom-turbopack_0p3wegg._.js:2473:126)
    at processFullBinaryRow (http://localhost:3000/_next/static/chunks/node_modules_next_dist_compiled_react-server-dom-turbopack_0p3wegg._.js:2393:9)
    at processBinaryChunk (http://localhost:3000/_next/static/chunks/node_modules_next_dist_compiled_react-server-dom-turbopack_0p3wegg._.js:2502:221)
    at progress (http://localhost:3000/_next/static/chunks/node_modules_next_dist_compiled_react-server-dom-turbopack_0p3wegg._.js:2689:13) @ http://localhost:3000/_next/static/chunks/node_modules_next_dist_0ifwd0~._.js:3812
[   26536ms] [LOG] [Fast Refresh] rebuilding @ http://localhost:3000/_next/static/chunks/node_modules_next_dist_0ifwd0~._.js:2971
[   26771ms] [ERROR] ./app/protected/groups/[groupId]/page.tsx:9:14
Route segment config "dynamic" is not compatible with `nextConfig.cacheComponents`. Please remove it.
   7 | import { ArrowLeft, Users, Calendar, Copy, Plus, Edit2, Trash2 } from "lucide-react";
   8 |
>  9 | export const dynamic = "force-dynamic";
     |              ^^^^^^^
  10 |
  11 | interface Group {
  12 |   id: string;

Ecmascript file had an error @ http://localhost:3000/_next/static/chunks/node_modules_next_dist_0ifwd0~._.js:3812
[   26818ms] [ERROR] ./app/protected/groups/[groupId]/page.tsx:9:14
Route segment config "dynamic" is not compatible with `nextConfig.cacheComponents`. Please remove it.
   7 | import { ArrowLeft, Users, Calendar, Copy, Plus, Edit2, Trash2 } from "lucide-react";
   8 |
>  9 | export const dynamic = "force-dynamic";
     |              ^^^^^^^
  10 |
  11 | interface Group {
  12 |   id: string;

Ecmascript file had an error @ http://localhost:3000/_next/static/chunks/node_modules_next_dist_0ifwd0~._.js:3812
[   26927ms] [LOG] [Fast Refresh] rebuilding @ http://localhost:3000/_next/static/chunks/node_modules_next_dist_0ifwd0~._.js:2971
[   27565ms] [ERROR] ./app/protected/groups/[groupId]/page.tsx:9:14
Route segment config "dynamic" is not compatible with `nextConfig.cacheComponents`. Please remove it.
   7 | import { ArrowLeft, Users, Calendar, Copy, Plus, Edit2, Trash2 } from "lucide-react";
   8 |
>  9 | export const dynamic = "force-dynamic";
     |              ^^^^^^^
  10 |
  11 | interface Group {
  12 |   id: string;

Ecmascript file had an error @ http://localhost:3000/_next/static/chunks/node_modules_next_dist_0ifwd0~._.js:3812
[   27658ms] [ERROR] ./app/protected/groups/[groupId]/page.tsx:9:14
Route segment config "dynamic" is not compatible with `nextConfig.cacheComponents`. Please remove it.
   7 | import { ArrowLeft, Users, Calendar, Copy, Plus, Edit2, Trash2 } from "lucide-react";
   8 |
>  9 | export const dynamic = "force-dynamic";
     |              ^^^^^^^
  10 |
  11 | interface Group {
  12 |   id: string;

Ecmascript file had an error @ http://localhost:3000/_next/static/chunks/node_modules_next_dist_0ifwd0~._.js:3812
[   27766ms] [LOG] [Fast Refresh] rebuilding @ http://localhost:3000/_next/static/chunks/node_modules_next_dist_0ifwd0~._.js:2971
[   28287ms] [ERROR] ./app/protected/groups/[groupId]/page.tsx:9:14
Route segment config "dynamic" is not compatible with `nextConfig.cacheComponents`. Please remove it.
   7 | import { ArrowLeft, Users, Calendar, Copy, Plus, Edit2, Trash2 } from "lucide-react";
   8 |
>  9 | export const dynamic = "force-dynamic";
     |              ^^^^^^^
  10 |
  11 | interface Group {
  12 |   id: string;

Ecmascript file had an error @ http://localhost:3000/_next/static/chunks/node_modules_next_dist_0ifwd0~._.js:3812
[   28287ms] [ERROR] Failed to load resource: the server responded with a status of 500 (Internal Server Error) @ http://localhost:3000/protected/groups/group-1?_rsc=4qu_pehAaT6fE-fh:0
[   28368ms] [ERROR] Failed to load resource: the server responded with a status of 500 (Internal Server Error) @ http://localhost:3000/protected/groups/group-1:0
[   28554ms] [INFO] %cDownload the React DevTools for a better development experience: https://react.dev/link/react-devtools font-weight:bold @ http://localhost:3000/_next/static/chunks/node_modules_react-dom_0bruynb._.js:15305
[   28664ms] Error: ./app/protected/groups/[groupId]/page.tsx:9:14
Route segment config "dynamic" is not compatible with `nextConfig.cacheComponents`. Please remove it.
   7 | import { ArrowLeft, Users, Calendar, Copy, Plus, Edit2, Trash2 } from "lucide-react";
   8 |
>  9 | export const dynamic = "force-dynamic";
     |              ^^^^^^^
  10 |
  11 | interface Group {
  12 |   id: string;

Ecmascript file had an error


    at <unknown> (Error: ./app/protected/groups/[groupId]/page.tsx:9:14)
    at Object.getCompilationErrors (file://C:\Users\KIMJIEUN\Desktop\workspace\nextjs-supabase-app\node_modules\next\dist\server\dev\hot-reloader-turbopack.js:1186:59)
    at DevBundlerService.getCompilationError (file://C:\Users\KIMJIEUN\Desktop\workspace\nextjs-supabase-app\node_modules\next\dist\server\lib\dev-bundler-service.js:44:55)
    at DevServer.getCompilationError (file://C:\Users\KIMJIEUN\Desktop\workspace\nextjs-supabase-app\node_modules\next\dist\server\dev\next-dev-server.js:720:42)
    at DevServer.findPageComponents (file://C:\Users\KIMJIEUN\Desktop\workspace\nextjs-supabase-app\node_modules\next\dist\server\dev\next-dev-server.js:690:43)
    at async DevServer.renderErrorToResponseImpl (file://C:\Users\KIMJIEUN\Desktop\workspace\nextjs-supabase-app\node_modules\next\dist\server\base-server.js:1753:26)
[   28666ms] [LOG] [HMR] connected @ http://localhost:3000/_next/static/chunks/node_modules_next_dist_0u_w_5s._.js:1226
[   28671ms] [ERROR] ./app/protected/groups/[groupId]/page.tsx:9:14
Route segment config "dynamic" is not compatible with `nextConfig.cacheComponents`. Please remove it.
   7 | import { ArrowLeft, Users, Calendar, Copy, Plus, Edit2, Trash2 } from "lucide-react";
   8 |
>  9 | export const dynamic = "force-dynamic";
     |              ^^^^^^^
  10 |
  11 | interface Group {
  12 |   id: string;

Ecmascript file had an error @ http://localhost:3000/_next/static/chunks/node_modules_next_dist_0u_w_5s._.js:1945
[   28678ms] [ERROR] ./app/protected/groups/[groupId]/page.tsx:9:14
Route segment config "dynamic" is not compatible with `nextConfig.cacheComponents`. Please remove it.
   7 | import { ArrowLeft, Users, Calendar, Copy, Plus, Edit2, Trash2 } from "lucide-react";
   8 |
>  9 | export const dynamic = "force-dynamic";
     |              ^^^^^^^
  10 |
  11 | interface Group {
  12 |   id: string;

Ecmascript file had an error @ http://localhost:3000/_next/static/chunks/node_modules_next_dist_0u_w_5s._.js:1945
[   28718ms] [ERROR] ./app/protected/groups/[groupId]/page.tsx:9:14
Route segment config "dynamic" is not compatible with `nextConfig.cacheComponents`. Please remove it.
   7 | import { ArrowLeft, Users, Calendar, Copy, Plus, Edit2, Trash2 } from "lucide-react";
   8 |
>  9 | export const dynamic = "force-dynamic";
     |              ^^^^^^^
  10 |
  11 | interface Group {
  12 |   id: string;

Ecmascript file had an error @ http://localhost:3000/_next/static/chunks/node_modules_next_dist_0u_w_5s._.js:1945
[   28795ms] [ERROR] ./app/protected/groups/[groupId]/page.tsx:9:14
Route segment config "dynamic" is not compatible with `nextConfig.cacheComponents`. Please remove it.
   7 | import { ArrowLeft, Users, Calendar, Copy, Plus, Edit2, Trash2 } from "lucide-react";
   8 |
>  9 | export const dynamic = "force-dynamic";
     |              ^^^^^^^
  10 |
  11 | interface Group {
  12 |   id: string;

Ecmascript file had an error @ http://localhost:3000/_next/static/chunks/node_modules_next_dist_0u_w_5s._.js:1945
[   28841ms] [LOG] [Fast Refresh] rebuilding @ http://localhost:3000/_next/static/chunks/node_modules_next_dist_0u_w_5s._.js:1226
