[      60ms] [ERROR] Failed to load resource: the server responded with a status of 500 (Internal Server Error) @ http://localhost:3000/protected/groups/group-1:0
[     107ms] [INFO] %cDownload the React DevTools for a better development experience: https://react.dev/link/react-devtools font-weight:bold @ http://localhost:3000/_next/static/chunks/node_modules_react-dom_0bruynb._.js:15305
[     135ms] Error: ./app/protected/groups/[groupId]/page.tsx:9:14
Route segment config "dynamic" is not compatible with `nextConfig.cacheComponents`. Please remove it.
   7 | import { ArrowLeft, Users, Calendar, Copy, Plus, Edit2, Trash2 } from "lucide-react";
   8 |
>  9 | export const dynamic = "force-dynamic";
     |              ^^^^^^^
  10 |
  11 | interface Group {
  12 |   id: string;

Ecmascript file had an error


    at <unknown> (Error: ./app/protected/groups/[groupId]/page.tsx:9:14)
    at Object.getCompilationErrors (file://C:\Users\KIMJIEUN\Desktop\workspace\nextjs-supabase-app\node_modules\next\dist\server\dev\hot-reloader-turbopack.js:1186:59)
    at DevBundlerService.getCompilationError (file://C:\Users\KIMJIEUN\Desktop\workspace\nextjs-supabase-app\node_modules\next\dist\server\lib\dev-bundler-service.js:44:55)
    at DevServer.getCompilationError (file://C:\Users\KIMJIEUN\Desktop\workspace\nextjs-supabase-app\node_modules\next\dist\server\dev\next-dev-server.js:720:42)
    at DevServer.findPageComponents (file://C:\Users\KIMJIEUN\Desktop\workspace\nextjs-supabase-app\node_modules\next\dist\server\dev\next-dev-server.js:690:43)
    at async DevServer.renderErrorToResponseImpl (file://C:\Users\KIMJIEUN\Desktop\workspace\nextjs-supabase-app\node_modules\next\dist\server\base-server.js:1753:26)
[     131ms] [LOG] [HMR] connected @ http://localhost:3000/_next/static/chunks/node_modules_next_dist_0u_w_5s._.js:1226
[     133ms] [ERROR] ./app/protected/groups/[groupId]/page.tsx:9:14
Route segment config "dynamic" is not compatible with `nextConfig.cacheComponents`. Please remove it.
   7 | import { ArrowLeft, Users, Calendar, Copy, Plus, Edit2, Trash2 } from "lucide-react";
   8 |
>  9 | export const dynamic = "force-dynamic";
     |              ^^^^^^^
  10 |
  11 | interface Group {
  12 |   id: string;

Ecmascript file had an error @ http://localhost:3000/_next/static/chunks/node_modules_next_dist_0u_w_5s._.js:1945
[     195ms] [ERROR] ./app/protected/groups/[groupId]/page.tsx:9:14
Route segment config "dynamic" is not compatible with `nextConfig.cacheComponents`. Please remove it.
   7 | import { ArrowLeft, Users, Calendar, Copy, Plus, Edit2, Trash2 } from "lucide-react";
   8 |
>  9 | export const dynamic = "force-dynamic";
     |              ^^^^^^^
  10 |
  11 | interface Group {
  12 |   id: string;

Ecmascript file had an error @ http://localhost:3000/_next/static/chunks/node_modules_next_dist_0u_w_5s._.js:1945
[     251ms] [ERROR] ./app/protected/groups/[groupId]/page.tsx:9:14
Route segment config "dynamic" is not compatible with `nextConfig.cacheComponents`. Please remove it.
   7 | import { ArrowLeft, Users, Calendar, Copy, Plus, Edit2, Trash2 } from "lucide-react";
   8 |
>  9 | export const dynamic = "force-dynamic";
     |              ^^^^^^^
  10 |
  11 | interface Group {
  12 |   id: string;

Ecmascript file had an error @ http://localhost:3000/_next/static/chunks/node_modules_next_dist_0u_w_5s._.js:1945
[     312ms] [LOG] [Fast Refresh] rebuilding @ http://localhost:3000/_next/static/chunks/node_modules_next_dist_0u_w_5s._.js:1226
[    6783ms] [LOG] [Fast Refresh] rebuilding @ http://localhost:3000/_next/static/chunks/node_modules_next_dist_0u_w_5s._.js:1226
[    8262ms] [LOG] [HMR] connected @ http://localhost:3000/_next/static/chunks/node_modules_next_dist_0u_w_5s._.js:1226
